<?xml version="1.0" encoding="UTF-8"?>
<!-- Generated by org.testng.reporters.JUnitReportReporter -->
<testsuite hostname="Tathagata" failures="0" tests="4" name="api.test.userTest2" time="4.437" errors="0" timestamp="2024-10-19T20:34:25 IST" skipped="0">
  <testcase classname="api.test.userTest2" name="createUserTest" time="2.669"/>
  <testcase classname="api.test.userTest2" name="getUserTest" time="0.547"/>
  <testcase classname="api.test.userTest2" name="updateUserTest" time="0.715"/>
  <testcase classname="api.test.userTest2" name="dltUserTest" time="0.506"/>
</testsuite> <!-- api.test.userTest2 -->
