<?xml version="1.0" encoding="UTF-8"?>
<!-- Generated by org.testng.reporters.JUnitReportReporter -->
<testsuite hostname="Tathagata" failures="0" tests="4" name="api.test.userTest" time="4.330" errors="0" timestamp="2024-10-19T17:54:13 IST" skipped="0">
  <testcase classname="api.test.userTest" name="createUserTest" time="2.560"/>
  <testcase classname="api.test.userTest" name="getUserTest" time="0.652"/>
  <testcase classname="api.test.userTest" name="updateUserTest" time="0.504"/>
  <testcase classname="api.test.userTest" name="dltUserTest" time="0.614"/>
</testsuite> <!-- api.test.userTest -->
