<?xml version="1.0" encoding="UTF-8"?>
<!-- Generated by org.testng.reporters.JUnitReportReporter -->
<testsuite hostname="Tathagata" failures="0" tests="4" name="api.test.userTest" time="3.346" errors="0" timestamp="2024-10-21T02:25:21 IST" skipped="0">
  <testcase classname="api.test.userTest" name="createUserTest" time="2.007"/>
  <testcase classname="api.test.userTest" name="getUserTest" time="0.430"/>
  <testcase classname="api.test.userTest" name="updateUserTest" time="0.549"/>
  <testcase classname="api.test.userTest" name="dltUserTest" time="0.360"/>
</testsuite> <!-- api.test.userTest -->
